<?xml version="1.0" encoding="UTF-8"?>
<testsuite name="TestSuite" time="15.819" tests="16" errors="0" skipped="0" failures="0">
  <properties>
[...]
</properties>
  <testcase name="arraysFailures_1" classname="qa.tests.AssertTests2" time="0.566"/>
  <testcase name="arraysFailures_1" classname="qa.tests.AssertTests1" time="0.226"/>
  <testcase name="arraysFailures_2" classname="qa.tests.AssertTests2" time="1.384"/>
  <testcase name="arraysFailures_2" classname="qa.tests.AssertTests1" time="0.34"/>
  <testcase name="arraysFailures_3" classname="qa.tests.AssertTests1" time="0.558"/>
  <testcase name="arraysFailures_3" classname="qa.tests.AssertTests2" time="1.562"/>
  <testcase name="intArray_Issue4" classname="qa.tests.AssertTests1" time="0.432"/>
  <testcase name="intArray_Issue4" classname="qa.tests.AssertTests2" time="1.351"/>
  <testcase name="int_Integer_Arrays" classname="qa.tests.AssertTests1" time="0.135"/>
  <testcase name="int_Integer_Arrays" classname="qa.tests.AssertTests2" time="1.997"/>
  <testcase name="noOrderFailure" classname="qa.tests.AssertTests1" time="0.266"/>
  <testcase name="noOrderSuccess" classname="qa.tests.AssertTests1" time="1.05"/>
  <testcase name="noOrderFailure" classname="qa.tests.AssertTests2" time="1.192"/>
  <testcase name="setsSuccess" classname="qa.tests.AssertTests1" time="1.436"/>
  <testcase name="noOrderSuccess" classname="qa.tests.AssertTests2" time="2.579"/>
  <testcase name="setsSuccess" classname="qa.tests.AssertTests2" time="0.745"/>
</testsuite>