<?xml version="1.0" encoding="UTF-8"?>
<testsuite name="TestSuite" time="16.191" tests="22" errors="0" skipped="3" failures="1">
  <properties>
[...]
</properties>
  <testcase name="ff5234d7" classname="qa.tests.BeforeTestSkip" time="0">
    <skipped/>
    <system-out><![CDATA[...
... TestNG 6.8.9beta by Cédric Beust (cedric@beust.com)
...

]]></system-out>
  </testcase>
  <testcase name="ff5234d7" classname="qa.tests.BeforeTestSkip" time="0">
    <skipped/>
  </testcase>
  <testcase name="04fa21b6" classname="qa.tests.AssertTests2" time="1.402"/>
  <testcase name="2b4aff5e" classname="qa.tests.SkipTest" time="0.753"/>
  <testcase name="b5a80be1" classname="qa.tests.FailTest" time="0.041"/>
  <testcase name="3dbba23a" classname="qa.tests.AssertTests1" time="0.444"/>
  <testcase name="9e730663" classname="qa.tests.AssertTests1" time="1.096"/>
  <testcase name="7c82c68d" classname="qa.tests.SkipTest" time="0">
    <skipped/>
  </testcase>
  <testcase name="d9e7f7b4" classname="qa.tests.AssertTests2" time="0.5"/>
  <testcase name="d0582064" classname="qa.tests.FailTest" time="0.632">
    <failure type="java.lang.AssertionError:">java.lang.AssertionError: null
	at org.testng.Assert.fail(Assert.java:94)
	at org.testng.Assert.fail(Assert.java:101)
	at qa.tests.FailTest.showFailure(FailTest.java:40)
</failure>
  </testcase>
  <testcase name="d1255a84" classname="qa.tests.AssertTests2" time="1.665"/>
  <testcase name="3c66d63d" classname="qa.tests.AssertTests1" time="0.425"/>
  <testcase name="302ec3c7" classname="qa.tests.AssertTests1" time="0.537"/>
  <testcase name="6fdd3587" classname="qa.tests.AssertTests2" time="0.739"/>
  <testcase name="3105944b" classname="qa.tests.AssertTests1" time="0.164"/>
  <testcase name="8074b68c" classname="qa.tests.AssertTests2" time="0.534"/>
  <testcase name="bfc188c7" classname="qa.tests.AssertTests1" time="0.18"/>
  <testcase name="7cd1882b" classname="qa.tests.AssertTests2" time="1.32"/>
  <testcase name="348b5c7f" classname="qa.tests.AssertTests1" time="1.391"/>
  <testcase name="03587128" classname="qa.tests.AssertTests1" time="0.803"/>
  <testcase name="38f3ed33" classname="qa.tests.AssertTests2" time="0.99"/>
  <testcase name="10a179eb" classname="qa.tests.AssertTests2" time="2.575"/>
</testsuite>