<?xml version="1.0" encoding="UTF-8"?>
<!-- Generated by org.testng.reporters.JUnitXMLReporter -->
<testsuite hostname="THORPC" name="Main Test Group" tests="16" failures="0" timestamp="27 Apr 2014 22:21:00 GMT" time="14.406" errors="0">
  <testcase name="arraysFailures_1" time="0.564" classname="qa.tests.AssertTests2"/>
  <testcase name="arraysFailures_1" time="0.797" classname="qa.tests.AssertTests1"/>
  <testcase name="arraysFailures_2" time="1.616" classname="qa.tests.AssertTests2"/>
  <testcase name="arraysFailures_2" time="1.724" classname="qa.tests.AssertTests1"/>
  <testcase name="arraysFailures_3" time="0.558" classname="qa.tests.AssertTests1"/>
  <testcase name="arraysFailures_3" time="2.461" classname="qa.tests.AssertTests2"/>
  <testcase name="intArray_Issue4" time="1.994" classname="qa.tests.AssertTests1"/>
  <testcase name="intArray_Issue4" time="1.783" classname="qa.tests.AssertTests2"/>
  <testcase name="int_Integer_Arrays" time="1.487" classname="qa.tests.AssertTests1"/>
  <testcase name="int_Integer_Arrays" time="2.134" classname="qa.tests.AssertTests2"/>
  <testcase name="noOrderFailure" time="2.264" classname="qa.tests.AssertTests1"/>
  <testcase name="noOrderSuccess" time="1.05" classname="qa.tests.AssertTests1"/>
  <testcase name="noOrderFailure" time="2.51" classname="qa.tests.AssertTests2"/>
  <testcase name="setsSuccess" time="2.628" classname="qa.tests.AssertTests1"/>
  <testcase name="noOrderSuccess" time="2.579" classname="qa.tests.AssertTests2"/>
  <testcase name="setsSuccess" time="0.746" classname="qa.tests.AssertTests2"/>
</testsuite> <!-- Main Test Group -->
