<?xml version="1.0" encoding="UTF-8"?>
<!-- Generated by org.testng.reporters.JUnitXMLReporter -->
<testsuite hostname="THORPC" name="Main Test Group" tests="16" failures="0" timestamp="28 Apr 2014 15:02:52 GMT" time="15.074" errors="0">
  <testcase name="arraysFailures_1" time="2.375" classname="qa.tests.AssertTests1"/>
  <testcase name="arraysFailures_1" time="2.488" classname="qa.tests.AssertTests2"/>
  <testcase name="arraysFailures_2" time="1.078" classname="qa.tests.AssertTests2"/>
  <testcase name="arraysFailures_2" time="1.995" classname="qa.tests.AssertTests1"/>
  <testcase name="arraysFailures_3" time="2.243" classname="qa.tests.AssertTests2"/>
  <testcase name="arraysFailures_3" time="2.483" classname="qa.tests.AssertTests1"/>
  <testcase name="intArray_Issue4" time="1.016" classname="qa.tests.AssertTests1"/>
  <testcase name="intArray_Issue4" time="2.437" classname="qa.tests.AssertTests2"/>
  <testcase name="int_Integer_Arrays" time="1.041" classname="qa.tests.AssertTests1"/>
  <testcase name="noOrderFailure" time="2.035" classname="qa.tests.AssertTests1"/>
  <testcase name="int_Integer_Arrays" time="2.724" classname="qa.tests.AssertTests2"/>
  <testcase name="noOrderSuccess" time="1.212" classname="qa.tests.AssertTests1"/>
  <testcase name="noOrderFailure" time="1.885" classname="qa.tests.AssertTests2"/>
  <testcase name="noOrderSuccess" time="0.532" classname="qa.tests.AssertTests2"/>
  <testcase name="setsSuccess" time="2.801" classname="qa.tests.AssertTests1"/>
  <testcase name="setsSuccess" time="1.673" classname="qa.tests.AssertTests2"/>
</testsuite> <!-- Main Test Group -->
